<?xml version="1.0" encoding="UTF-8"?>
<!-- Generated by org.testng.reporters.JUnitReportReporter -->
<testsuite hostname="Sravalika" failures="0" tests="1" name="com.vedha.application.Naukariii" time="23.661" errors="0" timestamp="2024-02-14T00:09:05 IST" skipped="0">
  <testcase classname="com.vedha.application.Naukariii" name="loginn" time="23.661"/>
  <system-out/>
</testsuite> <!-- com.vedha.application.Naukariii -->
