<?xml version="1.0" encoding="UTF-8"?>
<!-- Generated by org.testng.reporters.JUnitReportReporter -->
<testsuite hostname="Sravalika" failures="0" tests="1" name="com.vedha.application.Naukari" time="29.798" errors="0" timestamp="2024-02-13T23:53:57 IST" skipped="0">
  <testcase classname="com.vedha.application.Naukari" name="login" time="29.798"/>
  <system-out/>
</testsuite> <!-- com.vedha.application.Naukari -->
